<?xml version="1.0" encoding="UTF-8"?>
<testsuite xmlns:xsi="http://www.w3.org/2001/XMLSchema-instance" xsi:noNamespaceSchemaLocation="https://maven.apache.org/surefire/maven-surefire-plugin/xsd/surefire-test-report.xsd" name="com.atguigu.SpringBoot01ApplicationTests" time="6.272" tests="1" errors="1" skipped="0" failures="0">
  <properties>
    <property name="sun.desktop" value="windows"/>
    <property name="awt.toolkit" value="sun.awt.windows.WToolkit"/>
    <property name="file.encoding.pkg" value="sun.io"/>
    <property name="java.specification.version" value="1.8"/>
    <property name="sun.cpu.isalist" value="amd64"/>
    <property name="sun.jnu.encoding" value="GBK"/>
    <property name="java.class.path" value="D:\project\spring-boot-01\target\test-classes;D:\project\spring-boot-01\target\classes;E:\maven\repository\org\springframework\boot\spring-boot-starter\2.4.4\spring-boot-starter-2.4.4.jar;E:\maven\repository\org\springframework\boot\spring-boot\2.4.4\spring-boot-2.4.4.jar;E:\maven\repository\org\springframework\spring-context\5.3.5\spring-context-5.3.5.jar;E:\maven\repository\org\springframework\boot\spring-boot-autoconfigure\2.4.4\spring-boot-autoconfigure-2.4.4.jar;E:\maven\repository\org\springframework\boot\spring-boot-starter-logging\2.4.4\spring-boot-starter-logging-2.4.4.jar;E:\maven\repository\ch\qos\logback\logback-classic\1.2.3\logback-classic-1.2.3.jar;E:\maven\repository\ch\qos\logback\logback-core\1.2.3\logback-core-1.2.3.jar;E:\maven\repository\org\apache\logging\log4j\log4j-to-slf4j\2.13.3\log4j-to-slf4j-2.13.3.jar;E:\maven\repository\org\apache\logging\log4j\log4j-api\2.13.3\log4j-api-2.13.3.jar;E:\maven\repository\org\slf4j\jul-to-slf4j\1.7.30\jul-to-slf4j-1.7.30.jar;E:\maven\repository\jakarta\annotation\jakarta.annotation-api\1.3.5\jakarta.annotation-api-1.3.5.jar;E:\maven\repository\org\springframework\spring-core\5.3.5\spring-core-5.3.5.jar;E:\maven\repository\org\springframework\spring-jcl\5.3.5\spring-jcl-5.3.5.jar;E:\maven\repository\org\yaml\snakeyaml\1.27\snakeyaml-1.27.jar;E:\maven\repository\org\springframework\boot\spring-boot-starter-web\2.4.4\spring-boot-starter-web-2.4.4.jar;E:\maven\repository\org\springframework\boot\spring-boot-starter-json\2.4.4\spring-boot-starter-json-2.4.4.jar;E:\maven\repository\com\fasterxml\jackson\core\jackson-databind\2.11.4\jackson-databind-2.11.4.jar;E:\maven\repository\com\fasterxml\jackson\core\jackson-annotations\2.11.4\jackson-annotations-2.11.4.jar;E:\maven\repository\com\fasterxml\jackson\core\jackson-core\2.11.4\jackson-core-2.11.4.jar;E:\maven\repository\com\fasterxml\jackson\datatype\jackson-datatype-jdk8\2.11.4\jackson-datatype-jdk8-2.11.4.jar;E:\maven\repository\com\fasterxml\jackson\datatype\jackson-datatype-jsr310\2.11.4\jackson-datatype-jsr310-2.11.4.jar;E:\maven\repository\com\fasterxml\jackson\module\jackson-module-parameter-names\2.11.4\jackson-module-parameter-names-2.11.4.jar;E:\maven\repository\org\springframework\boot\spring-boot-starter-tomcat\2.4.4\spring-boot-starter-tomcat-2.4.4.jar;E:\maven\repository\org\apache\tomcat\embed\tomcat-embed-core\9.0.44\tomcat-embed-core-9.0.44.jar;E:\maven\repository\org\glassfish\jakarta.el\3.0.3\jakarta.el-3.0.3.jar;E:\maven\repository\org\apache\tomcat\embed\tomcat-embed-websocket\9.0.44\tomcat-embed-websocket-9.0.44.jar;E:\maven\repository\org\springframework\spring-web\5.3.5\spring-web-5.3.5.jar;E:\maven\repository\org\springframework\spring-beans\5.3.5\spring-beans-5.3.5.jar;E:\maven\repository\org\springframework\spring-webmvc\5.3.5\spring-webmvc-5.3.5.jar;E:\maven\repository\org\springframework\spring-aop\5.3.5\spring-aop-5.3.5.jar;E:\maven\repository\org\springframework\spring-expression\5.3.5\spring-expression-5.3.5.jar;E:\maven\repository\org\springframework\boot\spring-boot-starter-test\2.4.4\spring-boot-starter-test-2.4.4.jar;E:\maven\repository\org\springframework\boot\spring-boot-test\2.4.4\spring-boot-test-2.4.4.jar;E:\maven\repository\org\springframework\boot\spring-boot-test-autoconfigure\2.4.4\spring-boot-test-autoconfigure-2.4.4.jar;E:\maven\repository\com\jayway\jsonpath\json-path\2.4.0\json-path-2.4.0.jar;E:\maven\repository\net\minidev\json-smart\2.3\json-smart-2.3.jar;E:\maven\repository\net\minidev\accessors-smart\1.2\accessors-smart-1.2.jar;E:\maven\repository\org\ow2\asm\asm\5.0.4\asm-5.0.4.jar;E:\maven\repository\org\slf4j\slf4j-api\1.7.30\slf4j-api-1.7.30.jar;E:\maven\repository\jakarta\xml\bind\jakarta.xml.bind-api\2.3.3\jakarta.xml.bind-api-2.3.3.jar;E:\maven\repository\jakarta\activation\jakarta.activation-api\1.2.2\jakarta.activation-api-1.2.2.jar;E:\maven\repository\org\assertj\assertj-core\3.18.1\assertj-core-3.18.1.jar;E:\maven\repository\org\hamcrest\hamcrest\2.2\hamcrest-2.2.jar;E:\maven\repository\org\junit\jupiter\junit-jupiter\5.7.1\junit-jupiter-5.7.1.jar;E:\maven\repository\org\junit\jupiter\junit-jupiter-api\5.7.1\junit-jupiter-api-5.7.1.jar;E:\maven\repository\org\apiguardian\apiguardian-api\1.1.0\apiguardian-api-1.1.0.jar;E:\maven\repository\org\opentest4j\opentest4j\1.2.0\opentest4j-1.2.0.jar;E:\maven\repository\org\junit\platform\junit-platform-commons\1.7.1\junit-platform-commons-1.7.1.jar;E:\maven\repository\org\junit\jupiter\junit-jupiter-params\5.7.1\junit-jupiter-params-5.7.1.jar;E:\maven\repository\org\junit\jupiter\junit-jupiter-engine\5.7.1\junit-jupiter-engine-5.7.1.jar;E:\maven\repository\org\junit\platform\junit-platform-engine\1.7.1\junit-platform-engine-1.7.1.jar;E:\maven\repository\org\mockito\mockito-core\3.6.28\mockito-core-3.6.28.jar;E:\maven\repository\net\bytebuddy\byte-buddy\1.10.22\byte-buddy-1.10.22.jar;E:\maven\repository\net\bytebuddy\byte-buddy-agent\1.10.22\byte-buddy-agent-1.10.22.jar;E:\maven\repository\org\objenesis\objenesis\3.1\objenesis-3.1.jar;E:\maven\repository\org\mockito\mockito-junit-jupiter\3.6.28\mockito-junit-jupiter-3.6.28.jar;E:\maven\repository\org\skyscreamer\jsonassert\1.5.0\jsonassert-1.5.0.jar;E:\maven\repository\com\vaadin\external\google\android-json\0.0.20131108.vaadin1\android-json-0.0.20131108.vaadin1.jar;E:\maven\repository\org\springframework\spring-test\5.3.5\spring-test-5.3.5.jar;E:\maven\repository\org\xmlunit\xmlunit-core\2.7.0\xmlunit-core-2.7.0.jar;E:\maven\repository\org\springframework\boot\spring-boot-starter-thymeleaf\2.4.4\spring-boot-starter-thymeleaf-2.4.4.jar;E:\maven\repository\org\thymeleaf\thymeleaf-spring5\3.0.12.RELEASE\thymeleaf-spring5-3.0.12.RELEASE.jar;E:\maven\repository\org\thymeleaf\thymeleaf\3.0.12.RELEASE\thymeleaf-3.0.12.RELEASE.jar;E:\maven\repository\org\attoparser\attoparser\2.0.5.RELEASE\attoparser-2.0.5.RELEASE.jar;E:\maven\repository\org\unbescape\unbescape\1.1.6.RELEASE\unbescape-1.1.6.RELEASE.jar;E:\maven\repository\org\thymeleaf\extras\thymeleaf-extras-java8time\3.0.4.RELEASE\thymeleaf-extras-java8time-3.0.4.RELEASE.jar;E:\maven\repository\mysql\mysql-connector-java\8.0.23\mysql-connector-java-8.0.23.jar;E:\maven\repository\org\projectlombok\lombok\1.18.18\lombok-1.18.18.jar;E:\maven\repository\com\baomidou\mybatis-plus-boot-starter\3.2.0\mybatis-plus-boot-starter-3.2.0.jar;E:\maven\repository\com\baomidou\mybatis-plus\3.2.0\mybatis-plus-3.2.0.jar;E:\maven\repository\org\springframework\boot\spring-boot-starter-jdbc\2.4.4\spring-boot-starter-jdbc-2.4.4.jar;E:\maven\repository\com\zaxxer\HikariCP\3.4.5\HikariCP-3.4.5.jar;E:\maven\repository\org\springframework\spring-jdbc\5.3.5\spring-jdbc-5.3.5.jar;E:\maven\repository\com\baomidou\mybatis-plus-generator\3.2.0\mybatis-plus-generator-3.2.0.jar;E:\maven\repository\com\baomidou\mybatis-plus-extension\3.2.0\mybatis-plus-extension-3.2.0.jar;E:\maven\repository\com\baomidou\mybatis-plus-core\3.2.0\mybatis-plus-core-3.2.0.jar;E:\maven\repository\com\baomidou\mybatis-plus-annotation\3.2.0\mybatis-plus-annotation-3.2.0.jar;E:\maven\repository\com\github\jsqlparser\jsqlparser\2.1\jsqlparser-2.1.jar;E:\maven\repository\org\mybatis\mybatis\3.5.2\mybatis-3.5.2.jar;E:\maven\repository\org\mybatis\mybatis-spring\2.0.2\mybatis-spring-2.0.2.jar;E:\maven\repository\org\freemarker\freemarker\2.3.28\freemarker-2.3.28.jar;E:\maven\repository\com\alibaba\fastjson\1.2.47\fastjson-1.2.47.jar;E:\maven\repository\org\springframework\boot\spring-boot-starter-websocket\2.4.4\spring-boot-starter-websocket-2.4.4.jar;E:\maven\repository\org\springframework\spring-messaging\5.3.5\spring-messaging-5.3.5.jar;E:\maven\repository\org\springframework\spring-websocket\5.3.5\spring-websocket-5.3.5.jar;E:\maven\repository\org\springframework\boot\spring-boot-starter-data-redis\2.4.4\spring-boot-starter-data-redis-2.4.4.jar;E:\maven\repository\org\springframework\data\spring-data-redis\2.4.6\spring-data-redis-2.4.6.jar;E:\maven\repository\org\springframework\data\spring-data-keyvalue\2.4.6\spring-data-keyvalue-2.4.6.jar;E:\maven\repository\org\springframework\data\spring-data-commons\2.4.6\spring-data-commons-2.4.6.jar;E:\maven\repository\org\springframework\spring-tx\5.3.5\spring-tx-5.3.5.jar;E:\maven\repository\org\springframework\spring-oxm\5.3.5\spring-oxm-5.3.5.jar;E:\maven\repository\org\springframework\spring-context-support\5.3.5\spring-context-support-5.3.5.jar;E:\maven\repository\io\lettuce\lettuce-core\6.0.3.RELEASE\lettuce-core-6.0.3.RELEASE.jar;E:\maven\repository\io\netty\netty-common\4.1.60.Final\netty-common-4.1.60.Final.jar;E:\maven\repository\io\netty\netty-handler\4.1.60.Final\netty-handler-4.1.60.Final.jar;E:\maven\repository\io\netty\netty-resolver\4.1.60.Final\netty-resolver-4.1.60.Final.jar;E:\maven\repository\io\netty\netty-buffer\4.1.60.Final\netty-buffer-4.1.60.Final.jar;E:\maven\repository\io\netty\netty-codec\4.1.60.Final\netty-codec-4.1.60.Final.jar;E:\maven\repository\io\netty\netty-transport\4.1.60.Final\netty-transport-4.1.60.Final.jar;E:\maven\repository\io\projectreactor\reactor-core\3.4.4\reactor-core-3.4.4.jar;E:\maven\repository\org\reactivestreams\reactive-streams\1.0.3\reactive-streams-1.0.3.jar;E:\maven\repository\org\apache\commons\commons-pool2\2.9.0\commons-pool2-2.9.0.jar;E:\maven\repository\com\google\code\gson\gson\2.8.0\gson-2.8.0.jar;E:\maven\repository\net\sf\barcode4j\barcode4j-light\2.0\barcode4j-light-2.0.jar;E:\maven\repository\xml-apis\xml-apis\1.3.04\xml-apis-1.3.04.jar;E:\maven\repository\com\google\zxing\core\3.3.1\core-3.3.1.jar;E:\maven\repository\com\google\zxing\javase\3.3.1\javase-3.3.1.jar;E:\maven\repository\com\beust\jcommander\1.72\jcommander-1.72.jar;E:\maven\repository\com\github\jai-imageio\jai-imageio-core\1.3.1\jai-imageio-core-1.3.1.jar;E:\maven\repository\org\apache\commons\commons-lang3\3.3.2\commons-lang3-3.3.2.jar;E:\maven\repository\junit\junit\4.13.2\junit-4.13.2.jar;E:\maven\repository\org\hamcrest\hamcrest-core\2.2\hamcrest-core-2.2.jar;E:\maven\repository\org\springframework\boot\spring-boot-starter-amqp\2.4.4\spring-boot-starter-amqp-2.4.4.jar;E:\maven\repository\org\springframework\amqp\spring-rabbit\2.3.6\spring-rabbit-2.3.6.jar;E:\maven\repository\org\springframework\amqp\spring-amqp\2.3.6\spring-amqp-2.3.6.jar;E:\maven\repository\org\springframework\retry\spring-retry\1.3.1\spring-retry-1.3.1.jar;E:\maven\repository\com\rabbitmq\amqp-client\5.10.0\amqp-client-5.10.0.jar;"/>
    <property name="java.vm.vendor" value="Oracle Corporation"/>
    <property name="sun.arch.data.model" value="64"/>
    <property name="user.variant" value=""/>
    <property name="java.vendor.url" value="http://java.oracle.com/"/>
    <property name="user.timezone" value="Asia/Shanghai"/>
    <property name="java.vm.specification.version" value="1.8"/>
    <property name="os.name" value="Windows 10"/>
    <property name="user.country" value="CN"/>
    <property name="sun.java.launcher" value="SUN_STANDARD"/>
    <property name="sun.boot.library.path" value="E:\jdk\Java\jdk1.8.0_91\jre\bin"/>
    <property name="sun.java.command" value="C:\Users\ADMIN\AppData\Local\Temp\surefire3000205508102087257\surefirebooter2799002953253301084.jar C:\Users\ADMIN\AppData\Local\Temp\surefire3000205508102087257 2021-04-21T13-12-30_771-jvmRun1 surefire6491898872259913159tmp surefire_03982917923408154105tmp"/>
    <property name="surefire.test.class.path" value="D:\project\spring-boot-01\target\test-classes;D:\project\spring-boot-01\target\classes;E:\maven\repository\org\springframework\boot\spring-boot-starter\2.4.4\spring-boot-starter-2.4.4.jar;E:\maven\repository\org\springframework\boot\spring-boot\2.4.4\spring-boot-2.4.4.jar;E:\maven\repository\org\springframework\spring-context\5.3.5\spring-context-5.3.5.jar;E:\maven\repository\org\springframework\boot\spring-boot-autoconfigure\2.4.4\spring-boot-autoconfigure-2.4.4.jar;E:\maven\repository\org\springframework\boot\spring-boot-starter-logging\2.4.4\spring-boot-starter-logging-2.4.4.jar;E:\maven\repository\ch\qos\logback\logback-classic\1.2.3\logback-classic-1.2.3.jar;E:\maven\repository\ch\qos\logback\logback-core\1.2.3\logback-core-1.2.3.jar;E:\maven\repository\org\apache\logging\log4j\log4j-to-slf4j\2.13.3\log4j-to-slf4j-2.13.3.jar;E:\maven\repository\org\apache\logging\log4j\log4j-api\2.13.3\log4j-api-2.13.3.jar;E:\maven\repository\org\slf4j\jul-to-slf4j\1.7.30\jul-to-slf4j-1.7.30.jar;E:\maven\repository\jakarta\annotation\jakarta.annotation-api\1.3.5\jakarta.annotation-api-1.3.5.jar;E:\maven\repository\org\springframework\spring-core\5.3.5\spring-core-5.3.5.jar;E:\maven\repository\org\springframework\spring-jcl\5.3.5\spring-jcl-5.3.5.jar;E:\maven\repository\org\yaml\snakeyaml\1.27\snakeyaml-1.27.jar;E:\maven\repository\org\springframework\boot\spring-boot-starter-web\2.4.4\spring-boot-starter-web-2.4.4.jar;E:\maven\repository\org\springframework\boot\spring-boot-starter-json\2.4.4\spring-boot-starter-json-2.4.4.jar;E:\maven\repository\com\fasterxml\jackson\core\jackson-databind\2.11.4\jackson-databind-2.11.4.jar;E:\maven\repository\com\fasterxml\jackson\core\jackson-annotations\2.11.4\jackson-annotations-2.11.4.jar;E:\maven\repository\com\fasterxml\jackson\core\jackson-core\2.11.4\jackson-core-2.11.4.jar;E:\maven\repository\com\fasterxml\jackson\datatype\jackson-datatype-jdk8\2.11.4\jackson-datatype-jdk8-2.11.4.jar;E:\maven\repository\com\fasterxml\jackson\datatype\jackson-datatype-jsr310\2.11.4\jackson-datatype-jsr310-2.11.4.jar;E:\maven\repository\com\fasterxml\jackson\module\jackson-module-parameter-names\2.11.4\jackson-module-parameter-names-2.11.4.jar;E:\maven\repository\org\springframework\boot\spring-boot-starter-tomcat\2.4.4\spring-boot-starter-tomcat-2.4.4.jar;E:\maven\repository\org\apache\tomcat\embed\tomcat-embed-core\9.0.44\tomcat-embed-core-9.0.44.jar;E:\maven\repository\org\glassfish\jakarta.el\3.0.3\jakarta.el-3.0.3.jar;E:\maven\repository\org\apache\tomcat\embed\tomcat-embed-websocket\9.0.44\tomcat-embed-websocket-9.0.44.jar;E:\maven\repository\org\springframework\spring-web\5.3.5\spring-web-5.3.5.jar;E:\maven\repository\org\springframework\spring-beans\5.3.5\spring-beans-5.3.5.jar;E:\maven\repository\org\springframework\spring-webmvc\5.3.5\spring-webmvc-5.3.5.jar;E:\maven\repository\org\springframework\spring-aop\5.3.5\spring-aop-5.3.5.jar;E:\maven\repository\org\springframework\spring-expression\5.3.5\spring-expression-5.3.5.jar;E:\maven\repository\org\springframework\boot\spring-boot-starter-test\2.4.4\spring-boot-starter-test-2.4.4.jar;E:\maven\repository\org\springframework\boot\spring-boot-test\2.4.4\spring-boot-test-2.4.4.jar;E:\maven\repository\org\springframework\boot\spring-boot-test-autoconfigure\2.4.4\spring-boot-test-autoconfigure-2.4.4.jar;E:\maven\repository\com\jayway\jsonpath\json-path\2.4.0\json-path-2.4.0.jar;E:\maven\repository\net\minidev\json-smart\2.3\json-smart-2.3.jar;E:\maven\repository\net\minidev\accessors-smart\1.2\accessors-smart-1.2.jar;E:\maven\repository\org\ow2\asm\asm\5.0.4\asm-5.0.4.jar;E:\maven\repository\org\slf4j\slf4j-api\1.7.30\slf4j-api-1.7.30.jar;E:\maven\repository\jakarta\xml\bind\jakarta.xml.bind-api\2.3.3\jakarta.xml.bind-api-2.3.3.jar;E:\maven\repository\jakarta\activation\jakarta.activation-api\1.2.2\jakarta.activation-api-1.2.2.jar;E:\maven\repository\org\assertj\assertj-core\3.18.1\assertj-core-3.18.1.jar;E:\maven\repository\org\hamcrest\hamcrest\2.2\hamcrest-2.2.jar;E:\maven\repository\org\junit\jupiter\junit-jupiter\5.7.1\junit-jupiter-5.7.1.jar;E:\maven\repository\org\junit\jupiter\junit-jupiter-api\5.7.1\junit-jupiter-api-5.7.1.jar;E:\maven\repository\org\apiguardian\apiguardian-api\1.1.0\apiguardian-api-1.1.0.jar;E:\maven\repository\org\opentest4j\opentest4j\1.2.0\opentest4j-1.2.0.jar;E:\maven\repository\org\junit\platform\junit-platform-commons\1.7.1\junit-platform-commons-1.7.1.jar;E:\maven\repository\org\junit\jupiter\junit-jupiter-params\5.7.1\junit-jupiter-params-5.7.1.jar;E:\maven\repository\org\junit\jupiter\junit-jupiter-engine\5.7.1\junit-jupiter-engine-5.7.1.jar;E:\maven\repository\org\junit\platform\junit-platform-engine\1.7.1\junit-platform-engine-1.7.1.jar;E:\maven\repository\org\mockito\mockito-core\3.6.28\mockito-core-3.6.28.jar;E:\maven\repository\net\bytebuddy\byte-buddy\1.10.22\byte-buddy-1.10.22.jar;E:\maven\repository\net\bytebuddy\byte-buddy-agent\1.10.22\byte-buddy-agent-1.10.22.jar;E:\maven\repository\org\objenesis\objenesis\3.1\objenesis-3.1.jar;E:\maven\repository\org\mockito\mockito-junit-jupiter\3.6.28\mockito-junit-jupiter-3.6.28.jar;E:\maven\repository\org\skyscreamer\jsonassert\1.5.0\jsonassert-1.5.0.jar;E:\maven\repository\com\vaadin\external\google\android-json\0.0.20131108.vaadin1\android-json-0.0.20131108.vaadin1.jar;E:\maven\repository\org\springframework\spring-test\5.3.5\spring-test-5.3.5.jar;E:\maven\repository\org\xmlunit\xmlunit-core\2.7.0\xmlunit-core-2.7.0.jar;E:\maven\repository\org\springframework\boot\spring-boot-starter-thymeleaf\2.4.4\spring-boot-starter-thymeleaf-2.4.4.jar;E:\maven\repository\org\thymeleaf\thymeleaf-spring5\3.0.12.RELEASE\thymeleaf-spring5-3.0.12.RELEASE.jar;E:\maven\repository\org\thymeleaf\thymeleaf\3.0.12.RELEASE\thymeleaf-3.0.12.RELEASE.jar;E:\maven\repository\org\attoparser\attoparser\2.0.5.RELEASE\attoparser-2.0.5.RELEASE.jar;E:\maven\repository\org\unbescape\unbescape\1.1.6.RELEASE\unbescape-1.1.6.RELEASE.jar;E:\maven\repository\org\thymeleaf\extras\thymeleaf-extras-java8time\3.0.4.RELEASE\thymeleaf-extras-java8time-3.0.4.RELEASE.jar;E:\maven\repository\mysql\mysql-connector-java\8.0.23\mysql-connector-java-8.0.23.jar;E:\maven\repository\org\projectlombok\lombok\1.18.18\lombok-1.18.18.jar;E:\maven\repository\com\baomidou\mybatis-plus-boot-starter\3.2.0\mybatis-plus-boot-starter-3.2.0.jar;E:\maven\repository\com\baomidou\mybatis-plus\3.2.0\mybatis-plus-3.2.0.jar;E:\maven\repository\org\springframework\boot\spring-boot-starter-jdbc\2.4.4\spring-boot-starter-jdbc-2.4.4.jar;E:\maven\repository\com\zaxxer\HikariCP\3.4.5\HikariCP-3.4.5.jar;E:\maven\repository\org\springframework\spring-jdbc\5.3.5\spring-jdbc-5.3.5.jar;E:\maven\repository\com\baomidou\mybatis-plus-generator\3.2.0\mybatis-plus-generator-3.2.0.jar;E:\maven\repository\com\baomidou\mybatis-plus-extension\3.2.0\mybatis-plus-extension-3.2.0.jar;E:\maven\repository\com\baomidou\mybatis-plus-core\3.2.0\mybatis-plus-core-3.2.0.jar;E:\maven\repository\com\baomidou\mybatis-plus-annotation\3.2.0\mybatis-plus-annotation-3.2.0.jar;E:\maven\repository\com\github\jsqlparser\jsqlparser\2.1\jsqlparser-2.1.jar;E:\maven\repository\org\mybatis\mybatis\3.5.2\mybatis-3.5.2.jar;E:\maven\repository\org\mybatis\mybatis-spring\2.0.2\mybatis-spring-2.0.2.jar;E:\maven\repository\org\freemarker\freemarker\2.3.28\freemarker-2.3.28.jar;E:\maven\repository\com\alibaba\fastjson\1.2.47\fastjson-1.2.47.jar;E:\maven\repository\org\springframework\boot\spring-boot-starter-websocket\2.4.4\spring-boot-starter-websocket-2.4.4.jar;E:\maven\repository\org\springframework\spring-messaging\5.3.5\spring-messaging-5.3.5.jar;E:\maven\repository\org\springframework\spring-websocket\5.3.5\spring-websocket-5.3.5.jar;E:\maven\repository\org\springframework\boot\spring-boot-starter-data-redis\2.4.4\spring-boot-starter-data-redis-2.4.4.jar;E:\maven\repository\org\springframework\data\spring-data-redis\2.4.6\spring-data-redis-2.4.6.jar;E:\maven\repository\org\springframework\data\spring-data-keyvalue\2.4.6\spring-data-keyvalue-2.4.6.jar;E:\maven\repository\org\springframework\data\spring-data-commons\2.4.6\spring-data-commons-2.4.6.jar;E:\maven\repository\org\springframework\spring-tx\5.3.5\spring-tx-5.3.5.jar;E:\maven\repository\org\springframework\spring-oxm\5.3.5\spring-oxm-5.3.5.jar;E:\maven\repository\org\springframework\spring-context-support\5.3.5\spring-context-support-5.3.5.jar;E:\maven\repository\io\lettuce\lettuce-core\6.0.3.RELEASE\lettuce-core-6.0.3.RELEASE.jar;E:\maven\repository\io\netty\netty-common\4.1.60.Final\netty-common-4.1.60.Final.jar;E:\maven\repository\io\netty\netty-handler\4.1.60.Final\netty-handler-4.1.60.Final.jar;E:\maven\repository\io\netty\netty-resolver\4.1.60.Final\netty-resolver-4.1.60.Final.jar;E:\maven\repository\io\netty\netty-buffer\4.1.60.Final\netty-buffer-4.1.60.Final.jar;E:\maven\repository\io\netty\netty-codec\4.1.60.Final\netty-codec-4.1.60.Final.jar;E:\maven\repository\io\netty\netty-transport\4.1.60.Final\netty-transport-4.1.60.Final.jar;E:\maven\repository\io\projectreactor\reactor-core\3.4.4\reactor-core-3.4.4.jar;E:\maven\repository\org\reactivestreams\reactive-streams\1.0.3\reactive-streams-1.0.3.jar;E:\maven\repository\org\apache\commons\commons-pool2\2.9.0\commons-pool2-2.9.0.jar;E:\maven\repository\com\google\code\gson\gson\2.8.0\gson-2.8.0.jar;E:\maven\repository\net\sf\barcode4j\barcode4j-light\2.0\barcode4j-light-2.0.jar;E:\maven\repository\xml-apis\xml-apis\1.3.04\xml-apis-1.3.04.jar;E:\maven\repository\com\google\zxing\core\3.3.1\core-3.3.1.jar;E:\maven\repository\com\google\zxing\javase\3.3.1\javase-3.3.1.jar;E:\maven\repository\com\beust\jcommander\1.72\jcommander-1.72.jar;E:\maven\repository\com\github\jai-imageio\jai-imageio-core\1.3.1\jai-imageio-core-1.3.1.jar;E:\maven\repository\org\apache\commons\commons-lang3\3.3.2\commons-lang3-3.3.2.jar;E:\maven\repository\junit\junit\4.13.2\junit-4.13.2.jar;E:\maven\repository\org\hamcrest\hamcrest-core\2.2\hamcrest-core-2.2.jar;E:\maven\repository\org\springframework\boot\spring-boot-starter-amqp\2.4.4\spring-boot-starter-amqp-2.4.4.jar;E:\maven\repository\org\springframework\amqp\spring-rabbit\2.3.6\spring-rabbit-2.3.6.jar;E:\maven\repository\org\springframework\amqp\spring-amqp\2.3.6\spring-amqp-2.3.6.jar;E:\maven\repository\org\springframework\retry\spring-retry\1.3.1\spring-retry-1.3.1.jar;E:\maven\repository\com\rabbitmq\amqp-client\5.10.0\amqp-client-5.10.0.jar;"/>
    <property name="sun.cpu.endian" value="little"/>
    <property name="user.home" value="C:\Users\ADMIN"/>
    <property name="user.language" value="zh"/>
    <property name="java.specification.vendor" value="Oracle Corporation"/>
    <property name="java.home" value="E:\jdk\Java\jdk1.8.0_91\jre"/>
    <property name="basedir" value="D:\project\spring-boot-01"/>
    <property name="file.separator" value="\"/>
    <property name="line.separator" value="&#10;"/>
    <property name="java.vm.specification.vendor" value="Oracle Corporation"/>
    <property name="java.specification.name" value="Java Platform API Specification"/>
    <property name="java.awt.graphicsenv" value="sun.awt.Win32GraphicsEnvironment"/>
    <property name="surefire.real.class.path" value="C:\Users\ADMIN\AppData\Local\Temp\surefire3000205508102087257\surefirebooter2799002953253301084.jar"/>
    <property name="sun.boot.class.path" value="E:\jdk\Java\jdk1.8.0_91\jre\lib\resources.jar;E:\jdk\Java\jdk1.8.0_91\jre\lib\rt.jar;E:\jdk\Java\jdk1.8.0_91\jre\lib\sunrsasign.jar;E:\jdk\Java\jdk1.8.0_91\jre\lib\jsse.jar;E:\jdk\Java\jdk1.8.0_91\jre\lib\jce.jar;E:\jdk\Java\jdk1.8.0_91\jre\lib\charsets.jar;E:\jdk\Java\jdk1.8.0_91\jre\lib\jfr.jar;E:\jdk\Java\jdk1.8.0_91\jre\classes"/>
    <property name="user.script" value=""/>
    <property name="sun.management.compiler" value="HotSpot 64-Bit Tiered Compilers"/>
    <property name="java.runtime.version" value="1.8.0_91-b15"/>
    <property name="user.name" value="ADMIN"/>
    <property name="path.separator" value=";"/>
    <property name="os.version" value="10.0"/>
    <property name="java.endorsed.dirs" value="E:\jdk\Java\jdk1.8.0_91\jre\lib\endorsed"/>
    <property name="java.runtime.name" value="Java(TM) SE Runtime Environment"/>
    <property name="file.encoding" value="GBK"/>
    <property name="java.vm.name" value="Java HotSpot(TM) 64-Bit Server VM"/>
    <property name="localRepository" value="E:\maven\repository"/>
    <property name="java.vendor.url.bug" value="http://bugreport.sun.com/bugreport/"/>
    <property name="java.io.tmpdir" value="C:\Users\ADMIN\AppData\Local\Temp\"/>
    <property name="idea.version" value="2021.1"/>
    <property name="java.version" value="1.8.0_91"/>
    <property name="user.dir" value="D:\project\spring-boot-01"/>
    <property name="os.arch" value="amd64"/>
    <property name="java.vm.specification.name" value="Java Virtual Machine Specification"/>
    <property name="java.awt.printerjob" value="sun.awt.windows.WPrinterJob"/>
    <property name="sun.os.patch.level" value=""/>
    <property name="java.library.path" value="E:\jdk\Java\jdk1.8.0_91\jre\bin;C:\Windows\Sun\Java\bin;C:\Windows\system32;C:\Windows;C:\ProgramData\Oracle\Java\javapath;C:\Windows\system32;C:\Windows;C:\Windows\System32\Wbem;C:\Windows\System32\WindowsPowerShell\v1.0\;C:\Windows\System32\OpenSSH\;E:\jdk\Java\jdk1.8.0_91\bin;E:\jdk\Java\jdk1.8.0_91\jre\bin;E:\git\Git\cmd;C:\Program Files\Intel\WiFi\bin\;C:\Program Files\Common Files\Intel\WirelessCommon\;E:\nodejs\1\node_global;E:\nodejs\1;E:\tgit\tg\TortoiseGit\bin;C:\Users\ADMIN\AppData\Local\Microsoft\WindowsApps;C:\Users\ADMIN\AppData\Roaming\npm;."/>
    <property name="java.vm.info" value="mixed mode"/>
    <property name="java.vendor" value="Oracle Corporation"/>
    <property name="java.vm.version" value="25.91-b15"/>
    <property name="java.ext.dirs" value="E:\jdk\Java\jdk1.8.0_91\jre\lib\ext;C:\Windows\Sun\Java\lib\ext"/>
    <property name="sun.io.unicode.encoding" value="UnicodeLittle"/>
    <property name="maven.repo.local" value="E:\maven\repository"/>
    <property name="java.class.version" value="52.0"/>
  </properties>
  <testcase name="contextLoads" classname="com.atguigu.SpringBoot01ApplicationTests" time="0.016">
    <error message="Failed to load ApplicationContext" type="java.lang.IllegalStateException">java.lang.IllegalStateException: Failed to load ApplicationContext
Caused by: org.springframework.beans.factory.BeanCreationException: Error creating bean with name 'serverEndpointExporter' defined in class path resource [com/atguigu/conf/WebSocketConfig.class]: Invocation of init method failed; nested exception is java.lang.IllegalStateException: javax.websocket.server.ServerContainer not available
Caused by: java.lang.IllegalStateException: javax.websocket.server.ServerContainer not available
</error>
    <system-out><![CDATA[13:12:32.506 [main] DEBUG org.springframework.test.context.BootstrapUtils - Instantiating CacheAwareContextLoaderDelegate from class [org.springframework.test.context.cache.DefaultCacheAwareContextLoaderDelegate]
13:12:32.536 [main] DEBUG org.springframework.test.context.BootstrapUtils - Instantiating BootstrapContext using constructor [public org.springframework.test.context.support.DefaultBootstrapContext(java.lang.Class,org.springframework.test.context.CacheAwareContextLoaderDelegate)]
13:12:32.581 [main] DEBUG org.springframework.test.context.BootstrapUtils - Instantiating TestContextBootstrapper for test class [com.atguigu.SpringBoot01ApplicationTests] from class [org.springframework.boot.test.context.SpringBootTestContextBootstrapper]
13:12:32.640 [main] INFO org.springframework.boot.test.context.SpringBootTestContextBootstrapper - Neither @ContextConfiguration nor @ContextHierarchy found for test class [com.atguigu.SpringBoot01ApplicationTests], using SpringBootContextLoader
13:12:32.645 [main] DEBUG org.springframework.test.context.support.AbstractContextLoader - Did not detect default resource location for test class [com.atguigu.SpringBoot01ApplicationTests]: class path resource [com/atguigu/SpringBoot01ApplicationTests-context.xml] does not exist
13:12:32.645 [main] DEBUG org.springframework.test.context.support.AbstractContextLoader - Did not detect default resource location for test class [com.atguigu.SpringBoot01ApplicationTests]: class path resource [com/atguigu/SpringBoot01ApplicationTestsContext.groovy] does not exist
13:12:32.646 [main] INFO org.springframework.test.context.support.AbstractContextLoader - Could not detect default resource locations for test class [com.atguigu.SpringBoot01ApplicationTests]: no resource found for suffixes {-context.xml, Context.groovy}.
13:12:32.646 [main] INFO org.springframework.test.context.support.AnnotationConfigContextLoaderUtils - Could not detect default configuration classes for test class [com.atguigu.SpringBoot01ApplicationTests]: SpringBoot01ApplicationTests does not declare any static, non-private, non-final, nested classes annotated with @Configuration.
13:12:32.780 [main] DEBUG org.springframework.test.context.support.ActiveProfilesUtils - Could not find an 'annotation declaring class' for annotation type [org.springframework.test.context.ActiveProfiles] and class [com.atguigu.SpringBoot01ApplicationTests]
13:12:32.926 [main] DEBUG org.springframework.context.annotation.ClassPathScanningCandidateComponentProvider - Identified candidate component class: file [D:\project\spring-boot-01\target\classes\com\atguigu\SpringBoot01Application.class]
13:12:32.928 [main] INFO org.springframework.boot.test.context.SpringBootTestContextBootstrapper - Found @SpringBootConfiguration com.atguigu.SpringBoot01Application for test class com.atguigu.SpringBoot01ApplicationTests
13:12:33.085 [main] DEBUG org.springframework.boot.test.context.SpringBootTestContextBootstrapper - @TestExecutionListeners is not present for class [com.atguigu.SpringBoot01ApplicationTests]: using defaults.
13:12:33.086 [main] INFO org.springframework.boot.test.context.SpringBootTestContextBootstrapper - Loaded default TestExecutionListener class names from location [META-INF/spring.factories]: [org.springframework.boot.test.mock.mockito.MockitoTestExecutionListener, org.springframework.boot.test.mock.mockito.ResetMocksTestExecutionListener, org.springframework.boot.test.autoconfigure.restdocs.RestDocsTestExecutionListener, org.springframework.boot.test.autoconfigure.web.client.MockRestServiceServerResetTestExecutionListener, org.springframework.boot.test.autoconfigure.web.servlet.MockMvcPrintOnlyOnFailureTestExecutionListener, org.springframework.boot.test.autoconfigure.web.servlet.WebDriverTestExecutionListener, org.springframework.boot.test.autoconfigure.webservices.client.MockWebServiceServerTestExecutionListener, org.springframework.test.context.web.ServletTestExecutionListener, org.springframework.test.context.support.DirtiesContextBeforeModesTestExecutionListener, org.springframework.test.context.event.ApplicationEventsTestExecutionListener, org.springframework.test.context.support.DependencyInjectionTestExecutionListener, org.springframework.test.context.support.DirtiesContextTestExecutionListener, org.springframework.test.context.transaction.TransactionalTestExecutionListener, org.springframework.test.context.jdbc.SqlScriptsTestExecutionListener, org.springframework.test.context.event.EventPublishingTestExecutionListener]
13:12:33.130 [main] INFO org.springframework.boot.test.context.SpringBootTestContextBootstrapper - Using TestExecutionListeners: [org.springframework.test.context.web.ServletTestExecutionListener@6f53b8a, org.springframework.test.context.support.DirtiesContextBeforeModesTestExecutionListener@5c80cf32, org.springframework.test.context.event.ApplicationEventsTestExecutionListener@7d900ecf, org.springframework.boot.test.mock.mockito.MockitoTestExecutionListener@6f01b95f, org.springframework.boot.test.autoconfigure.SpringBootDependencyInjectionTestExecutionListener@4007f65e, org.springframework.test.context.support.DirtiesContextTestExecutionListener@1a245833, org.springframework.test.context.transaction.TransactionalTestExecutionListener@673fdbce, org.springframework.test.context.jdbc.SqlScriptsTestExecutionListener@5965d37, org.springframework.test.context.event.EventPublishingTestExecutionListener@7a5ceedd, org.springframework.boot.test.mock.mockito.ResetMocksTestExecutionListener@4201c465, org.springframework.boot.test.autoconfigure.restdocs.RestDocsTestExecutionListener@5b799640, org.springframework.boot.test.autoconfigure.web.client.MockRestServiceServerResetTestExecutionListener@6cb107fd, org.springframework.boot.test.autoconfigure.web.servlet.MockMvcPrintOnlyOnFailureTestExecutionListener@710636b0, org.springframework.boot.test.autoconfigure.web.servlet.WebDriverTestExecutionListener@3de8f619, org.springframework.boot.test.autoconfigure.webservices.client.MockWebServiceServerTestExecutionListener@2ab4bc72]
13:12:33.134 [main] DEBUG org.springframework.test.context.support.AbstractDirtiesContextTestExecutionListener - Before test class: context [DefaultTestContext@4722ef0c testClass = SpringBoot01ApplicationTests, testInstance = [null], testMethod = [null], testException = [null], mergedContextConfiguration = [WebMergedContextConfiguration@48e1f6c7 testClass = SpringBoot01ApplicationTests, locations = '{}', classes = '{class com.atguigu.SpringBoot01Application}', contextInitializerClasses = '[]', activeProfiles = '{}', propertySourceLocations = '{}', propertySourceProperties = '{org.springframework.boot.test.context.SpringBootTestContextBootstrapper=true}', contextCustomizers = set[org.springframework.boot.test.context.filter.ExcludeFilterContextCustomizer@16d04d3d, org.springframework.boot.test.json.DuplicateJsonObjectContextCustomizerFactory$DuplicateJsonObjectContextCustomizer@36902638, org.springframework.boot.test.mock.mockito.MockitoContextCustomizer@0, org.springframework.boot.test.web.client.TestRestTemplateContextCustomizer@2f9f7dcf, org.springframework.boot.test.autoconfigure.actuate.metrics.MetricsExportContextCustomizerFactory$DisableMetricExportContextCustomizer@7d8995e, org.springframework.boot.test.autoconfigure.properties.PropertyMappingContextCustomizer@0, org.springframework.boot.test.autoconfigure.web.servlet.WebDriverContextCustomizerFactory$Customizer@5c6648b0, org.springframework.boot.test.context.SpringBootTestArgs@1, org.springframework.boot.test.context.SpringBootTestWebEnvironment@3abbfa04], resourceBasePath = 'src/main/webapp', contextLoader = 'org.springframework.boot.test.context.SpringBootContextLoader', parent = [null]], attributes = map['org.springframework.test.context.web.ServletTestExecutionListener.activateListener' -> true]], class annotated with @DirtiesContext [false] with mode [null].
13:12:33.180 [main] DEBUG org.springframework.test.context.support.TestPropertySourceUtils - Adding inlined properties to environment: {spring.jmx.enabled=false, org.springframework.boot.test.context.SpringBootTestContextBootstrapper=true}
13:12:33,593 |-INFO in ch.qos.logback.core.joran.action.AppenderAction - About to instantiate appender of type [ch.qos.logback.core.ConsoleAppender]
13:12:33,594 |-INFO in ch.qos.logback.core.joran.action.AppenderAction - Naming appender as [CONSOLE]
13:12:33,616 |-INFO in ch.qos.logback.core.joran.action.AppenderAction - About to instantiate appender of type [ch.qos.logback.core.rolling.RollingFileAppender]
13:12:33,619 |-INFO in ch.qos.logback.core.joran.action.AppenderAction - Naming appender as [INFO]
13:12:33,622 |-INFO in ch.qos.logback.core.joran.action.NestedComplexPropertyIA - Assuming default type [ch.qos.logback.classic.encoder.PatternLayoutEncoder] for [encoder] property
13:12:33,629 |-INFO in c.q.l.core.rolling.SizeAndTimeBasedRollingPolicy@234740890 - Archive files will be limited to [50 MB] each.
13:12:33,631 |-INFO in c.q.l.core.rolling.SizeAndTimeBasedRollingPolicy@234740890 - No compression will be used
13:12:33,632 |-INFO in c.q.l.core.rolling.SizeAndTimeBasedRollingPolicy@234740890 - Will use the pattern ./log/achiveLog/info-%d{yyyy-MM-dd}_%i.log for the active file
13:12:33,634 |-INFO in ch.qos.logback.core.rolling.SizeAndTimeBasedFNATP@64a8c844 - The date pattern is 'yyyy-MM-dd' from file name pattern './log/achiveLog/info-%d{yyyy-MM-dd}_%i.log'.
13:12:33,634 |-INFO in ch.qos.logback.core.rolling.SizeAndTimeBasedFNATP@64a8c844 - Roll-over at midnight.
13:12:33,637 |-INFO in ch.qos.logback.core.rolling.SizeAndTimeBasedFNATP@64a8c844 - Setting initial period to Tue Apr 20 17:32:40 CST 2021
13:12:33,640 |-INFO in ch.qos.logback.core.rolling.RollingFileAppender[INFO] - Active log file name: ./log/info.log
13:12:33,640 |-INFO in ch.qos.logback.core.rolling.RollingFileAppender[INFO] - File property is set to [./log/info.log]
13:12:33,641 |-INFO in ch.qos.logback.core.joran.action.AppenderAction - About to instantiate appender of type [ch.qos.logback.core.rolling.RollingFileAppender]
13:12:33,641 |-INFO in ch.qos.logback.core.joran.action.AppenderAction - Naming appender as [WARN]
13:12:33,642 |-INFO in ch.qos.logback.core.joran.action.NestedComplexPropertyIA - Assuming default type [ch.qos.logback.classic.encoder.PatternLayoutEncoder] for [encoder] property
13:12:33,643 |-INFO in c.q.l.core.rolling.SizeAndTimeBasedRollingPolicy@2069500590 - Archive files will be limited to [50 MB] each.
13:12:33,643 |-INFO in c.q.l.core.rolling.SizeAndTimeBasedRollingPolicy@2069500590 - No compression will be used
13:12:33,643 |-INFO in c.q.l.core.rolling.SizeAndTimeBasedRollingPolicy@2069500590 - Will use the pattern ./log/achiveLog/warn-%d{yyyy-MM-dd}_%i.log for the active file
13:12:33,644 |-INFO in ch.qos.logback.core.rolling.SizeAndTimeBasedFNATP@5553d0f5 - The date pattern is 'yyyy-MM-dd' from file name pattern './log/achiveLog/warn-%d{yyyy-MM-dd}_%i.log'.
13:12:33,644 |-INFO in ch.qos.logback.core.rolling.SizeAndTimeBasedFNATP@5553d0f5 - Roll-over at midnight.
13:12:33,644 |-INFO in ch.qos.logback.core.rolling.SizeAndTimeBasedFNATP@5553d0f5 - Setting initial period to Tue Apr 20 16:04:12 CST 2021
13:12:33,645 |-INFO in ch.qos.logback.core.rolling.RollingFileAppender[WARN] - Active log file name: ./log/warn.log
13:12:33,645 |-INFO in ch.qos.logback.core.rolling.RollingFileAppender[WARN] - File property is set to [./log/warn.log]
13:12:33,646 |-INFO in ch.qos.logback.core.joran.action.AppenderAction - About to instantiate appender of type [ch.qos.logback.core.rolling.RollingFileAppender]
13:12:33,646 |-INFO in ch.qos.logback.core.joran.action.AppenderAction - Naming appender as [ERROR]
13:12:33,646 |-INFO in ch.qos.logback.core.joran.action.NestedComplexPropertyIA - Assuming default type [ch.qos.logback.classic.encoder.PatternLayoutEncoder] for [encoder] property
13:12:33,648 |-INFO in c.q.l.core.rolling.SizeAndTimeBasedRollingPolicy@452364286 - Archive files will be limited to [50 MB] each.
13:12:33,648 |-INFO in c.q.l.core.rolling.SizeAndTimeBasedRollingPolicy@452364286 - No compression will be used
13:12:33,648 |-INFO in c.q.l.core.rolling.SizeAndTimeBasedRollingPolicy@452364286 - Will use the pattern ./log/achiveLog/error-%d{yyyy-MM-dd}_%i.log for the active file
13:12:33,649 |-INFO in ch.qos.logback.core.rolling.SizeAndTimeBasedFNATP@14dda234 - The date pattern is 'yyyy-MM-dd' from file name pattern './log/achiveLog/error-%d{yyyy-MM-dd}_%i.log'.
13:12:33,649 |-INFO in ch.qos.logback.core.rolling.SizeAndTimeBasedFNATP@14dda234 - Roll-over at midnight.
13:12:33,649 |-INFO in ch.qos.logback.core.rolling.SizeAndTimeBasedFNATP@14dda234 - Setting initial period to Tue Apr 20 17:27:47 CST 2021
13:12:33,650 |-INFO in ch.qos.logback.core.rolling.RollingFileAppender[ERROR] - Active log file name: ./log/error.log
13:12:33,650 |-INFO in ch.qos.logback.core.rolling.RollingFileAppender[ERROR] - File property is set to [./log/error.log]
13:12:33,651 |-INFO in ch.qos.logback.classic.joran.action.RootLoggerAction - Setting level of ROOT logger to INFO
13:12:33,651 |-INFO in ch.qos.logback.classic.jul.LevelChangePropagator@3f390d63 - Propagating INFO level on Logger[ROOT] onto the JUL framework
13:12:33,652 |-INFO in ch.qos.logback.core.joran.action.AppenderRefAction - Attaching appender named [CONSOLE] to Logger[ROOT]
13:12:33,652 |-INFO in ch.qos.logback.core.joran.action.AppenderRefAction - Attaching appender named [INFO] to Logger[ROOT]
13:12:33,652 |-INFO in ch.qos.logback.core.joran.action.AppenderRefAction - Attaching appender named [WARN] to Logger[ROOT]
13:12:33,652 |-INFO in ch.qos.logback.core.joran.action.AppenderRefAction - Attaching appender named [ERROR] to Logger[ROOT]
13:12:33,652 |-INFO in ch.qos.logback.classic.joran.action.ConfigurationAction - End of configuration.
13:12:33,652 |-INFO in org.springframework.boot.logging.logback.SpringBootJoranConfigurator@54d18072 - Registering current configuration as safe fallback point

  .   ____          _            __ _ _
 /\\ / ___'_ __ _ _(_)_ __  __ _ \ \ \ \
( ( )\___ | '_ | '_| | '_ \/ _` | \ \ \ \
 \\/  ___)| |_)| | | | | || (_| |  ) ) ) )
  '  |____| .__|_| |_|_| |_\__, | / / / /
 =========|_|==============|___/=/_/_/_/
 :: Spring Boot ::                (v2.4.4)

2021-04-21 13:12:33.925 INFO  com.atguigu.SpringBoot01ApplicationTests - Starting SpringBoot01ApplicationTests using Java 1.8.0_91 on DESKTOP-GFVPL3E with PID 8148 (started by ADMIN in D:\project\spring-boot-01)
13:12:33,927 |-INFO in c.q.l.co.rolling.helper.RenameUtil - Renaming file [.\log\info.log] to [.\log\achiveLog\info-2021-04-20_0.log]
13:12:33,930 |-INFO in c.q.l.core.rolling.helper.TimeBasedArchiveRemover - first clean up after appender initialization
13:12:33,931 |-INFO in c.q.l.core.rolling.helper.TimeBasedArchiveRemover - Multiple periods, i.e. 32 periods, seem to have elapsed. This is expected at application start.
2021-04-21 13:12:33.933 INFO  com.atguigu.SpringBoot01ApplicationTests - No active profile set, falling back to default profiles: default
2021-04-21 13:12:35.944 INFO  o.s.d.r.config.RepositoryConfigurationDelegate - Multiple Spring Data modules found, entering strict repository configuration mode!
2021-04-21 13:12:35.948 INFO  o.s.d.r.config.RepositoryConfigurationDelegate - Bootstrapping Spring Data Redis repositories in DEFAULT mode.
2021-04-21 13:12:35.975 INFO  o.s.d.r.config.RepositoryConfigurationDelegate - Finished Spring Data repository scanning in 11 ms. Found 0 Redis repository interfaces.
2021-04-21 13:12:36.581 INFO  o.s.c.s.PostProcessorRegistrationDelegate$BeanPostProcessorChecker - Bean 'redisConfig' of type [com.atguigu.conf.RedisConfig$$EnhancerBySpringCGLIB$$d6b37d28] is not eligible for getting processed by all BeanPostProcessors (for example: not eligible for auto-proxying)
Logging initialized using 'class org.apache.ibatis.logging.stdout.StdOutImpl' adapter.
Parsed mapper file: 'file [D:\project\spring-boot-01\target\classes\mapper\auto\SysUserMapper.xml]'
 _ _   |_  _ _|_. ___ _ |    _ 
| | |\/|_)(_| | |_\  |_)||_|_\ 
     /               |         
                        3.2.0 
websocket 加载
2021-04-21 13:12:38.483 WARN  o.s.w.context.support.GenericWebApplicationContext - Exception encountered during context initialization - cancelling refresh attempt: org.springframework.beans.factory.BeanCreationException: Error creating bean with name 'serverEndpointExporter' defined in class path resource [com/atguigu/conf/WebSocketConfig.class]: Invocation of init method failed; nested exception is java.lang.IllegalStateException: javax.websocket.server.ServerContainer not available
13:12:38,483 |-INFO in c.q.l.co.rolling.helper.RenameUtil - Renaming file [.\log\warn.log] to [.\log\achiveLog\warn-2021-04-20_0.log]
13:12:38,484 |-INFO in c.q.l.core.rolling.helper.TimeBasedArchiveRemover - first clean up after appender initialization
13:12:38,484 |-INFO in c.q.l.core.rolling.helper.TimeBasedArchiveRemover - Multiple periods, i.e. 32 periods, seem to have elapsed. This is expected at application start.
2021-04-21 13:12:38.529 INFO  o.s.b.a.l.ConditionEvaluationReportLoggingListener - 

Error starting ApplicationContext. To display the conditions report re-run your application with 'debug' enabled.
2021-04-21 13:12:38.563 ERROR org.springframework.boot.SpringApplication - Application run failed
org.springframework.beans.factory.BeanCreationException: Error creating bean with name 'serverEndpointExporter' defined in class path resource [com/atguigu/conf/WebSocketConfig.class]: Invocation of init method failed; nested exception is java.lang.IllegalStateException: javax.websocket.server.ServerContainer not available
	at org.springframework.beans.factory.support.AbstractAutowireCapableBeanFactory.initializeBean(AbstractAutowireCapableBeanFactory.java:1786)
	at org.springframework.beans.factory.support.AbstractAutowireCapableBeanFactory.doCreateBean(AbstractAutowireCapableBeanFactory.java:602)
	at org.springframework.beans.factory.support.AbstractAutowireCapableBeanFactory.createBean(AbstractAutowireCapableBeanFactory.java:524)
	at org.springframework.beans.factory.support.AbstractBeanFactory.lambda$doGetBean$0(AbstractBeanFactory.java:335)
	at org.springframework.beans.factory.support.DefaultSingletonBeanRegistry.getSingleton(DefaultSingletonBeanRegistry.java:234)
	at org.springframework.beans.factory.support.AbstractBeanFactory.doGetBean(AbstractBeanFactory.java:333)
	at org.springframework.beans.factory.support.AbstractBeanFactory.getBean(AbstractBeanFactory.java:208)
	at org.springframework.beans.factory.support.DefaultListableBeanFactory.preInstantiateSingletons(DefaultListableBeanFactory.java:944)
	at org.springframework.context.support.AbstractApplicationContext.finishBeanFactoryInitialization(AbstractApplicationContext.java:918)
	at org.springframework.context.support.AbstractApplicationContext.refresh(AbstractApplicationContext.java:583)
	at org.springframework.boot.SpringApplication.refresh(SpringApplication.java:769)
	at org.springframework.boot.SpringApplication.refresh(SpringApplication.java:761)
	at org.springframework.boot.SpringApplication.refreshContext(SpringApplication.java:426)
	at org.springframework.boot.SpringApplication.run(SpringApplication.java:326)
	at org.springframework.boot.test.context.SpringBootContextLoader.loadContext(SpringBootContextLoader.java:123)
	at org.springframework.test.context.cache.DefaultCacheAwareContextLoaderDelegate.loadContextInternal(DefaultCacheAwareContextLoaderDelegate.java:99)
	at org.springframework.test.context.cache.DefaultCacheAwareContextLoaderDelegate.loadContext(DefaultCacheAwareContextLoaderDelegate.java:124)
	at org.springframework.test.context.support.DefaultTestContext.getApplicationContext(DefaultTestContext.java:124)
	at org.springframework.test.context.web.ServletTestExecutionListener.setUpRequestContextIfNecessary(ServletTestExecutionListener.java:190)
	at org.springframework.test.context.web.ServletTestExecutionListener.prepareTestInstance(ServletTestExecutionListener.java:132)
	at org.springframework.test.context.TestContextManager.prepareTestInstance(TestContextManager.java:244)
	at org.springframework.test.context.junit.jupiter.SpringExtension.postProcessTestInstance(SpringExtension.java:138)
	at org.junit.jupiter.engine.descriptor.ClassBasedTestDescriptor.lambda$invokeTestInstancePostProcessors$6(ClassBasedTestDescriptor.java:350)
	at org.junit.jupiter.engine.descriptor.ClassBasedTestDescriptor.executeAndMaskThrowable(ClassBasedTestDescriptor.java:355)
	at org.junit.jupiter.engine.descriptor.ClassBasedTestDescriptor.lambda$invokeTestInstancePostProcessors$7(ClassBasedTestDescriptor.java:350)
	at java.util.stream.ReferencePipeline$3$1.accept(ReferencePipeline.java:193)
	at java.util.stream.ReferencePipeline$2$1.accept(ReferencePipeline.java:175)
	at java.util.ArrayList$ArrayListSpliterator.forEachRemaining(ArrayList.java:1374)
	at java.util.stream.AbstractPipeline.copyInto(AbstractPipeline.java:481)
	at java.util.stream.AbstractPipeline.wrapAndCopyInto(AbstractPipeline.java:471)
	at java.util.stream.StreamSpliterators$WrappingSpliterator.forEachRemaining(StreamSpliterators.java:312)
	at java.util.stream.Streams$ConcatSpliterator.forEachRemaining(Streams.java:743)
	at java.util.stream.Streams$ConcatSpliterator.forEachRemaining(Streams.java:742)
	at java.util.stream.ReferencePipeline$Head.forEach(ReferencePipeline.java:580)
	at org.junit.jupiter.engine.descriptor.ClassBasedTestDescriptor.invokeTestInstancePostProcessors(ClassBasedTestDescriptor.java:349)
	at org.junit.jupiter.engine.descriptor.ClassBasedTestDescriptor.lambda$instantiateAndPostProcessTestInstance$4(ClassBasedTestDescriptor.java:270)
	at org.junit.platform.engine.support.hierarchical.ThrowableCollector.execute(ThrowableCollector.java:73)
	at org.junit.jupiter.engine.descriptor.ClassBasedTestDescriptor.instantiateAndPostProcessTestInstance(ClassBasedTestDescriptor.java:269)
	at org.junit.jupiter.engine.descriptor.ClassBasedTestDescriptor.lambda$testInstancesProvider$2(ClassBasedTestDescriptor.java:259)
	at java.util.Optional.orElseGet(Optional.java:267)
	at org.junit.jupiter.engine.descriptor.ClassBasedTestDescriptor.lambda$testInstancesProvider$3(ClassBasedTestDescriptor.java:258)
	at org.junit.jupiter.engine.execution.TestInstancesProvider.getTestInstances(TestInstancesProvider.java:31)
	at org.junit.jupiter.engine.descriptor.TestMethodTestDescriptor.lambda$prepare$0(TestMethodTestDescriptor.java:101)
	at org.junit.platform.engine.support.hierarchical.ThrowableCollector.execute(ThrowableCollector.java:73)
	at org.junit.jupiter.engine.descriptor.TestMethodTestDescriptor.prepare(TestMethodTestDescriptor.java:100)
	at org.junit.jupiter.engine.descriptor.TestMethodTestDescriptor.prepare(TestMethodTestDescriptor.java:65)
	at org.junit.platform.engine.support.hierarchical.NodeTestTask.lambda$prepare$1(NodeTestTask.java:111)
	at org.junit.platform.engine.support.hierarchical.ThrowableCollector.execute(ThrowableCollector.java:73)
	at org.junit.platform.engine.support.hierarchical.NodeTestTask.prepare(NodeTestTask.java:111)
	at org.junit.platform.engine.support.hierarchical.NodeTestTask.execute(NodeTestTask.java:79)
	at java.util.ArrayList.forEach(ArrayList.java:1249)
	at org.junit.platform.engine.support.hierarchical.SameThreadHierarchicalTestExecutorService.invokeAll(SameThreadHierarchicalTestExecutorService.java:38)
	at org.junit.platform.engine.support.hierarchical.NodeTestTask.lambda$executeRecursively$5(NodeTestTask.java:143)
	at org.junit.platform.engine.support.hierarchical.ThrowableCollector.execute(ThrowableCollector.java:73)
	at org.junit.platform.engine.support.hierarchical.NodeTestTask.lambda$executeRecursively$7(NodeTestTask.java:129)
	at org.junit.platform.engine.support.hierarchical.Node.around(Node.java:137)
	at org.junit.platform.engine.support.hierarchical.NodeTestTask.lambda$executeRecursively$8(NodeTestTask.java:127)
	at org.junit.platform.engine.support.hierarchical.ThrowableCollector.execute(ThrowableCollector.java:73)
	at org.junit.platform.engine.support.hierarchical.NodeTestTask.executeRecursively(NodeTestTask.java:126)
	at org.junit.platform.engine.support.hierarchical.NodeTestTask.execute(NodeTestTask.java:84)
	at java.util.ArrayList.forEach(ArrayList.java:1249)
	at org.junit.platform.engine.support.hierarchical.SameThreadHierarchicalTestExecutorService.invokeAll(SameThreadHierarchicalTestExecutorService.java:38)
	at org.junit.platform.engine.support.hierarchical.NodeTestTask.lambda$executeRecursively$5(NodeTestTask.java:143)
	at org.junit.platform.engine.support.hierarchical.ThrowableCollector.execute(ThrowableCollector.java:73)
	at org.junit.platform.engine.support.hierarchical.NodeTestTask.lambda$executeRecursively$7(NodeTestTask.java:129)
	at org.junit.platform.engine.support.hierarchical.Node.around(Node.java:137)
	at org.junit.platform.engine.support.hierarchical.NodeTestTask.lambda$executeRecursively$8(NodeTestTask.java:127)
	at org.junit.platform.engine.support.hierarchical.ThrowableCollector.execute(ThrowableCollector.java:73)
	at org.junit.platform.engine.support.hierarchical.NodeTestTask.executeRecursively(NodeTestTask.java:126)
	at org.junit.platform.engine.support.hierarchical.NodeTestTask.execute(NodeTestTask.java:84)
	at org.junit.platform.engine.support.hierarchical.SameThreadHierarchicalTestExecutorService.submit(SameThreadHierarchicalTestExecutorService.java:32)
	at org.junit.platform.engine.support.hierarchical.HierarchicalTestExecutor.execute(HierarchicalTestExecutor.java:57)
	at org.junit.platform.engine.support.hierarchical.HierarchicalTestEngine.execute(HierarchicalTestEngine.java:51)
	at org.junit.platform.launcher.core.DefaultLauncher.execute(DefaultLauncher.java:220)
	at org.junit.platform.launcher.core.DefaultLauncher.lambda$execute$6(DefaultLauncher.java:188)
	at org.junit.platform.launcher.core.DefaultLauncher.withInterceptedStreams(DefaultLauncher.java:202)
	at org.junit.platform.launcher.core.DefaultLauncher.execute(DefaultLauncher.java:181)
	at org.junit.platform.launcher.core.DefaultLauncher.execute(DefaultLauncher.java:128)
	at org.apache.maven.surefire.junitplatform.JUnitPlatformProvider.invokeAllTests(JUnitPlatformProvider.java:150)
	at org.apache.maven.surefire.junitplatform.JUnitPlatformProvider.invoke(JUnitPlatformProvider.java:124)
	at org.apache.maven.surefire.booter.ForkedBooter.invokeProviderInSameClassLoader(ForkedBooter.java:384)
	at org.apache.maven.surefire.booter.ForkedBooter.runSuitesInProcess(ForkedBooter.java:345)
	at org.apache.maven.surefire.booter.ForkedBooter.execute(ForkedBooter.java:126)
	at org.apache.maven.surefire.booter.ForkedBooter.main(ForkedBooter.java:418)
Caused by: java.lang.IllegalStateException: javax.websocket.server.ServerContainer not available
	at org.springframework.util.Assert.state(Assert.java:76)
	at org.springframework.web.socket.server.standard.ServerEndpointExporter.afterPropertiesSet(ServerEndpointExporter.java:107)
	at org.springframework.beans.factory.support.AbstractAutowireCapableBeanFactory.invokeInitMethods(AbstractAutowireCapableBeanFactory.java:1845)
	at org.springframework.beans.factory.support.AbstractAutowireCapableBeanFactory.initializeBean(AbstractAutowireCapableBeanFactory.java:1782)
	... 83 common frames omitted
13:12:38,564 |-INFO in c.q.l.co.rolling.helper.RenameUtil - Renaming file [.\log\error.log] to [.\log\achiveLog\error-2021-04-20_0.log]
13:12:38,565 |-INFO in c.q.l.core.rolling.helper.TimeBasedArchiveRemover - first clean up after appender initialization
13:12:38,565 |-INFO in c.q.l.core.rolling.helper.TimeBasedArchiveRemover - Multiple periods, i.e. 32 periods, seem to have elapsed. This is expected at application start.
2021-04-21 13:12:38.598 ERROR o.springframework.test.context.TestContextManager - Caught exception while allowing TestExecutionListener [org.springframework.test.context.web.ServletTestExecutionListener@6f53b8a] to prepare test instance [com.atguigu.SpringBoot01ApplicationTests@3d40a3b4]
java.lang.IllegalStateException: Failed to load ApplicationContext
	at org.springframework.test.context.cache.DefaultCacheAwareContextLoaderDelegate.loadContext(DefaultCacheAwareContextLoaderDelegate.java:132)
	at org.springframework.test.context.support.DefaultTestContext.getApplicationContext(DefaultTestContext.java:124)
	at org.springframework.test.context.web.ServletTestExecutionListener.setUpRequestContextIfNecessary(ServletTestExecutionListener.java:190)
	at org.springframework.test.context.web.ServletTestExecutionListener.prepareTestInstance(ServletTestExecutionListener.java:132)
	at org.springframework.test.context.TestContextManager.prepareTestInstance(TestContextManager.java:244)
	at org.springframework.test.context.junit.jupiter.SpringExtension.postProcessTestInstance(SpringExtension.java:138)
	at org.junit.jupiter.engine.descriptor.ClassBasedTestDescriptor.lambda$invokeTestInstancePostProcessors$6(ClassBasedTestDescriptor.java:350)
	at org.junit.jupiter.engine.descriptor.ClassBasedTestDescriptor.executeAndMaskThrowable(ClassBasedTestDescriptor.java:355)
	at org.junit.jupiter.engine.descriptor.ClassBasedTestDescriptor.lambda$invokeTestInstancePostProcessors$7(ClassBasedTestDescriptor.java:350)
	at java.util.stream.ReferencePipeline$3$1.accept(ReferencePipeline.java:193)
	at java.util.stream.ReferencePipeline$2$1.accept(ReferencePipeline.java:175)
	at java.util.ArrayList$ArrayListSpliterator.forEachRemaining(ArrayList.java:1374)
	at java.util.stream.AbstractPipeline.copyInto(AbstractPipeline.java:481)
	at java.util.stream.AbstractPipeline.wrapAndCopyInto(AbstractPipeline.java:471)
	at java.util.stream.StreamSpliterators$WrappingSpliterator.forEachRemaining(StreamSpliterators.java:312)
	at java.util.stream.Streams$ConcatSpliterator.forEachRemaining(Streams.java:743)
	at java.util.stream.Streams$ConcatSpliterator.forEachRemaining(Streams.java:742)
	at java.util.stream.ReferencePipeline$Head.forEach(ReferencePipeline.java:580)
	at org.junit.jupiter.engine.descriptor.ClassBasedTestDescriptor.invokeTestInstancePostProcessors(ClassBasedTestDescriptor.java:349)
	at org.junit.jupiter.engine.descriptor.ClassBasedTestDescriptor.lambda$instantiateAndPostProcessTestInstance$4(ClassBasedTestDescriptor.java:270)
	at org.junit.platform.engine.support.hierarchical.ThrowableCollector.execute(ThrowableCollector.java:73)
	at org.junit.jupiter.engine.descriptor.ClassBasedTestDescriptor.instantiateAndPostProcessTestInstance(ClassBasedTestDescriptor.java:269)
	at org.junit.jupiter.engine.descriptor.ClassBasedTestDescriptor.lambda$testInstancesProvider$2(ClassBasedTestDescriptor.java:259)
	at java.util.Optional.orElseGet(Optional.java:267)
	at org.junit.jupiter.engine.descriptor.ClassBasedTestDescriptor.lambda$testInstancesProvider$3(ClassBasedTestDescriptor.java:258)
	at org.junit.jupiter.engine.execution.TestInstancesProvider.getTestInstances(TestInstancesProvider.java:31)
	at org.junit.jupiter.engine.descriptor.TestMethodTestDescriptor.lambda$prepare$0(TestMethodTestDescriptor.java:101)
	at org.junit.platform.engine.support.hierarchical.ThrowableCollector.execute(ThrowableCollector.java:73)
	at org.junit.jupiter.engine.descriptor.TestMethodTestDescriptor.prepare(TestMethodTestDescriptor.java:100)
	at org.junit.jupiter.engine.descriptor.TestMethodTestDescriptor.prepare(TestMethodTestDescriptor.java:65)
	at org.junit.platform.engine.support.hierarchical.NodeTestTask.lambda$prepare$1(NodeTestTask.java:111)
	at org.junit.platform.engine.support.hierarchical.ThrowableCollector.execute(ThrowableCollector.java:73)
	at org.junit.platform.engine.support.hierarchical.NodeTestTask.prepare(NodeTestTask.java:111)
	at org.junit.platform.engine.support.hierarchical.NodeTestTask.execute(NodeTestTask.java:79)
	at java.util.ArrayList.forEach(ArrayList.java:1249)
	at org.junit.platform.engine.support.hierarchical.SameThreadHierarchicalTestExecutorService.invokeAll(SameThreadHierarchicalTestExecutorService.java:38)
	at org.junit.platform.engine.support.hierarchical.NodeTestTask.lambda$executeRecursively$5(NodeTestTask.java:143)
	at org.junit.platform.engine.support.hierarchical.ThrowableCollector.execute(ThrowableCollector.java:73)
	at org.junit.platform.engine.support.hierarchical.NodeTestTask.lambda$executeRecursively$7(NodeTestTask.java:129)
	at org.junit.platform.engine.support.hierarchical.Node.around(Node.java:137)
	at org.junit.platform.engine.support.hierarchical.NodeTestTask.lambda$executeRecursively$8(NodeTestTask.java:127)
	at org.junit.platform.engine.support.hierarchical.ThrowableCollector.execute(ThrowableCollector.java:73)
	at org.junit.platform.engine.support.hierarchical.NodeTestTask.executeRecursively(NodeTestTask.java:126)
	at org.junit.platform.engine.support.hierarchical.NodeTestTask.execute(NodeTestTask.java:84)
	at java.util.ArrayList.forEach(ArrayList.java:1249)
	at org.junit.platform.engine.support.hierarchical.SameThreadHierarchicalTestExecutorService.invokeAll(SameThreadHierarchicalTestExecutorService.java:38)
	at org.junit.platform.engine.support.hierarchical.NodeTestTask.lambda$executeRecursively$5(NodeTestTask.java:143)
	at org.junit.platform.engine.support.hierarchical.ThrowableCollector.execute(ThrowableCollector.java:73)
	at org.junit.platform.engine.support.hierarchical.NodeTestTask.lambda$executeRecursively$7(NodeTestTask.java:129)
	at org.junit.platform.engine.support.hierarchical.Node.around(Node.java:137)
	at org.junit.platform.engine.support.hierarchical.NodeTestTask.lambda$executeRecursively$8(NodeTestTask.java:127)
	at org.junit.platform.engine.support.hierarchical.ThrowableCollector.execute(ThrowableCollector.java:73)
	at org.junit.platform.engine.support.hierarchical.NodeTestTask.executeRecursively(NodeTestTask.java:126)
	at org.junit.platform.engine.support.hierarchical.NodeTestTask.execute(NodeTestTask.java:84)
	at org.junit.platform.engine.support.hierarchical.SameThreadHierarchicalTestExecutorService.submit(SameThreadHierarchicalTestExecutorService.java:32)
	at org.junit.platform.engine.support.hierarchical.HierarchicalTestExecutor.execute(HierarchicalTestExecutor.java:57)
	at org.junit.platform.engine.support.hierarchical.HierarchicalTestEngine.execute(HierarchicalTestEngine.java:51)
	at org.junit.platform.launcher.core.DefaultLauncher.execute(DefaultLauncher.java:220)
	at org.junit.platform.launcher.core.DefaultLauncher.lambda$execute$6(DefaultLauncher.java:188)
	at org.junit.platform.launcher.core.DefaultLauncher.withInterceptedStreams(DefaultLauncher.java:202)
	at org.junit.platform.launcher.core.DefaultLauncher.execute(DefaultLauncher.java:181)
	at org.junit.platform.launcher.core.DefaultLauncher.execute(DefaultLauncher.java:128)
	at org.apache.maven.surefire.junitplatform.JUnitPlatformProvider.invokeAllTests(JUnitPlatformProvider.java:150)
	at org.apache.maven.surefire.junitplatform.JUnitPlatformProvider.invoke(JUnitPlatformProvider.java:124)
	at org.apache.maven.surefire.booter.ForkedBooter.invokeProviderInSameClassLoader(ForkedBooter.java:384)
	at org.apache.maven.surefire.booter.ForkedBooter.runSuitesInProcess(ForkedBooter.java:345)
	at org.apache.maven.surefire.booter.ForkedBooter.execute(ForkedBooter.java:126)
	at org.apache.maven.surefire.booter.ForkedBooter.main(ForkedBooter.java:418)
Caused by: org.springframework.beans.factory.BeanCreationException: Error creating bean with name 'serverEndpointExporter' defined in class path resource [com/atguigu/conf/WebSocketConfig.class]: Invocation of init method failed; nested exception is java.lang.IllegalStateException: javax.websocket.server.ServerContainer not available
	at org.springframework.beans.factory.support.AbstractAutowireCapableBeanFactory.initializeBean(AbstractAutowireCapableBeanFactory.java:1786)
	at org.springframework.beans.factory.support.AbstractAutowireCapableBeanFactory.doCreateBean(AbstractAutowireCapableBeanFactory.java:602)
	at org.springframework.beans.factory.support.AbstractAutowireCapableBeanFactory.createBean(AbstractAutowireCapableBeanFactory.java:524)
	at org.springframework.beans.factory.support.AbstractBeanFactory.lambda$doGetBean$0(AbstractBeanFactory.java:335)
	at org.springframework.beans.factory.support.DefaultSingletonBeanRegistry.getSingleton(DefaultSingletonBeanRegistry.java:234)
	at org.springframework.beans.factory.support.AbstractBeanFactory.doGetBean(AbstractBeanFactory.java:333)
	at org.springframework.beans.factory.support.AbstractBeanFactory.getBean(AbstractBeanFactory.java:208)
	at org.springframework.beans.factory.support.DefaultListableBeanFactory.preInstantiateSingletons(DefaultListableBeanFactory.java:944)
	at org.springframework.context.support.AbstractApplicationContext.finishBeanFactoryInitialization(AbstractApplicationContext.java:918)
	at org.springframework.context.support.AbstractApplicationContext.refresh(AbstractApplicationContext.java:583)
	at org.springframework.boot.SpringApplication.refresh(SpringApplication.java:769)
	at org.springframework.boot.SpringApplication.refresh(SpringApplication.java:761)
	at org.springframework.boot.SpringApplication.refreshContext(SpringApplication.java:426)
	at org.springframework.boot.SpringApplication.run(SpringApplication.java:326)
	at org.springframework.boot.test.context.SpringBootContextLoader.loadContext(SpringBootContextLoader.java:123)
	at org.springframework.test.context.cache.DefaultCacheAwareContextLoaderDelegate.loadContextInternal(DefaultCacheAwareContextLoaderDelegate.java:99)
	at org.springframework.test.context.cache.DefaultCacheAwareContextLoaderDelegate.loadContext(DefaultCacheAwareContextLoaderDelegate.java:124)
	... 67 common frames omitted
Caused by: java.lang.IllegalStateException: javax.websocket.server.ServerContainer not available
	at org.springframework.util.Assert.state(Assert.java:76)
	at org.springframework.web.socket.server.standard.ServerEndpointExporter.afterPropertiesSet(ServerEndpointExporter.java:107)
	at org.springframework.beans.factory.support.AbstractAutowireCapableBeanFactory.invokeInitMethods(AbstractAutowireCapableBeanFactory.java:1845)
	at org.springframework.beans.factory.support.AbstractAutowireCapableBeanFactory.initializeBean(AbstractAutowireCapableBeanFactory.java:1782)
	... 83 common frames omitted
]]></system-out>
  </testcase>
</testsuite>